<?xml version="1.0" encoding="UTF-8"?>
<robot generator="Robot 3.1.2 (Python 3.8.2 on win32)" generated="20200425 16:49:49.301" rpa="false">
<suite id="s1" name="Tablerow" source="C:\Users\Anum Zargar\PycharmProjects\Robot_Framework\TestCases\Tablerow.robot">
<test id="s1-t1" name="Table count">
<kw name="Open Browser" library="SeleniumLibrary">
<doc>Opens a new browser instance to the optional ``url``.</doc>
<arguments>
<arg>http://testautomationpractice.blogspot.com/</arg>
<arg>chrome</arg>
</arguments>
<msg timestamp="20200425 16:49:49.594" level="INFO">Opening browser 'chrome' to base url 'http://testautomationpractice.blogspot.com/'.</msg>
<kw name="Capture Page Screenshot" library="SeleniumLibrary">
<doc>Takes a screenshot of the current page and embeds it into a log file.</doc>
<msg timestamp="20200425 16:49:53.416" level="INFO">Cannot capture screenshot because no browser is open.</msg>
<status status="PASS" starttime="20200425 16:49:53.415" endtime="20200425 16:49:53.416"></status>
</kw>
<msg timestamp="20200425 16:49:53.419" level="FAIL">SessionNotCreatedException: Message: session not created: This version of ChromeDriver only supports Chrome version 76
</msg>
<status status="FAIL" starttime="20200425 16:49:49.593" endtime="20200425 16:49:53.419"></status>
</kw>
<status status="FAIL" starttime="20200425 16:49:49.592" endtime="20200425 16:49:53.420" critical="yes">SessionNotCreatedException: Message: session not created: This version of ChromeDriver only supports Chrome version 76
</status>
</test>
<status status="FAIL" starttime="20200425 16:49:49.303" endtime="20200425 16:49:53.422"></status>
</suite>
<statistics>
<total>
<stat pass="0" fail="1">Critical Tests</stat>
<stat pass="0" fail="1">All Tests</stat>
</total>
<tag>
</tag>
<suite>
<stat pass="0" fail="1" id="s1" name="Tablerow">Tablerow</stat>
</suite>
</statistics>
<errors>
</errors>
</robot>
